{"/home/lom/Documents/nodejspr/nodejs-start-project/task-manager/src/app.js": {"path":"/home/lom/Documents/nodejspr/nodejs-start-project/task-manager/src/app.js","statementMap":{"0":{"start":{"line":1,"column":16},"end":{"line":1,"column":34}},"1":{"start":{"line":2,"column":0},"end":{"line":2,"column":25}},"2":{"start":{"line":4,"column":19},"end":{"line":4,"column":47}},"3":{"start":{"line":5,"column":19},"end":{"line":5,"column":47}},"4":{"start":{"line":6,"column":12},"end":{"line":6,"column":21}},"5":{"start":{"line":11,"column":0},"end":{"line":11,"column":24}},"6":{"start":{"line":13,"column":0},"end":{"line":13,"column":20}},"7":{"start":{"line":15,"column":0},"end":{"line":15,"column":20}},"8":{"start":{"line":17,"column":0},"end":{"line":17,"column":21}}},"fnMap":{},"branchMap":{},"s":{"0":2,"1":2,"2":2,"3":2,"4":2,"5":2,"6":2,"7":2,"8":2},"f":{},"b":{},"_coverageSchema":"43e27e138ebf9cfc5966b082cf9a028302ed4184","hash":"d82cb1e5989440576edda39e8e5d8951bfaf38cb"}
,"/home/lom/Documents/nodejspr/nodejs-start-project/task-manager/src/db/mongoose.js": {"path":"/home/lom/Documents/nodejspr/nodejs-start-project/task-manager/src/db/mongoose.js","statementMap":{"0":{"start":{"line":1,"column":17},"end":{"line":1,"column":36}},"1":{"start":{"line":2,"column":22},"end":{"line":2,"column":45}},"2":{"start":{"line":5,"column":0},"end":{"line":9,"column":3}}},"fnMap":{},"branchMap":{},"s":{"0":2,"1":2,"2":2},"f":{},"b":{},"_coverageSchema":"43e27e138ebf9cfc5966b082cf9a028302ed4184","hash":"d6fdd0633d04cb9cdfabaeaf6265e22d9ee13c8c"}
,"/home/lom/Documents/nodejspr/nodejs-start-project/task-manager/src/emails/account.js": {"path":"/home/lom/Documents/nodejspr/nodejs-start-project/task-manager/src/emails/account.js","statementMap":{"0":{"start":{"line":1,"column":15},"end":{"line":1,"column":40}},"1":{"start":{"line":3,"column":0},"end":{"line":3,"column":47}},"2":{"start":{"line":5,"column":25},"end":{"line":12,"column":1}},"3":{"start":{"line":6,"column":4},"end":{"line":11,"column":7}},"4":{"start":{"line":13,"column":25},"end":{"line":20,"column":1}},"5":{"start":{"line":14,"column":4},"end":{"line":19,"column":7}},"6":{"start":{"line":21,"column":0},"end":{"line":24,"column":2}}},"fnMap":{"0":{"name":"(anonymous_0)","decl":{"start":{"line":5,"column":25},"end":{"line":5,"column":26}},"loc":{"start":{"line":5,"column":42},"end":{"line":12,"column":1}},"line":5},"1":{"name":"(anonymous_1)","decl":{"start":{"line":13,"column":25},"end":{"line":13,"column":26}},"loc":{"start":{"line":13,"column":42},"end":{"line":20,"column":1}},"line":13}},"branchMap":{},"s":{"0":2,"1":2,"2":2,"3":1,"4":2,"5":1,"6":2},"f":{"0":1,"1":1},"b":{},"_coverageSchema":"43e27e138ebf9cfc5966b082cf9a028302ed4184","hash":"ef897cea45fabf2731d8e8d27aefd9fea01721e5"}
,"/home/lom/Documents/nodejspr/nodejs-start-project/task-manager/src/middleware/auth.js": {"path":"/home/lom/Documents/nodejspr/nodejs-start-project/task-manager/src/middleware/auth.js","statementMap":{"0":{"start":{"line":1,"column":12},"end":{"line":1,"column":35}},"1":{"start":{"line":2,"column":13},"end":{"line":2,"column":41}},"2":{"start":{"line":4,"column":13},"end":{"line":18,"column":1}},"3":{"start":{"line":5,"column":4},"end":{"line":17,"column":5}},"4":{"start":{"line":6,"column":22},"end":{"line":6,"column":72}},"5":{"start":{"line":7,"column":24},"end":{"line":7,"column":65}},"6":{"start":{"line":8,"column":21},"end":{"line":8,"column":84}},"7":{"start":{"line":9,"column":8},"end":{"line":11,"column":9}},"8":{"start":{"line":10,"column":12},"end":{"line":10,"column":61}},"9":{"start":{"line":12,"column":8},"end":{"line":12,"column":26}},"10":{"start":{"line":13,"column":8},"end":{"line":13,"column":24}},"11":{"start":{"line":14,"column":8},"end":{"line":14,"column":15}},"12":{"start":{"line":16,"column":8},"end":{"line":16,"column":63}},"13":{"start":{"line":19,"column":0},"end":{"line":19,"column":22}}},"fnMap":{"0":{"name":"(anonymous_0)","decl":{"start":{"line":4,"column":13},"end":{"line":4,"column":14}},"loc":{"start":{"line":4,"column":39},"end":{"line":18,"column":1}},"line":4}},"branchMap":{"0":{"loc":{"start":{"line":9,"column":8},"end":{"line":11,"column":9}},"type":"if","locations":[{"start":{"line":9,"column":8},"end":{"line":11,"column":9}},{"start":{"line":9,"column":8},"end":{"line":11,"column":9}}],"line":9}},"s":{"0":2,"1":2,"2":2,"3":10,"4":10,"5":9,"6":8,"7":8,"8":0,"9":8,"10":8,"11":8,"12":2,"13":2},"f":{"0":10},"b":{"0":[0,8]},"_coverageSchema":"43e27e138ebf9cfc5966b082cf9a028302ed4184","hash":"85ff4304f0e1ac706e43ca1f70eb15d00b335558"}
,"/home/lom/Documents/nodejspr/nodejs-start-project/task-manager/src/models/task.js": {"path":"/home/lom/Documents/nodejspr/nodejs-start-project/task-manager/src/models/task.js","statementMap":{"0":{"start":{"line":1,"column":17},"end":{"line":1,"column":36}},"1":{"start":{"line":3,"column":19},"end":{"line":20,"column":2}},"2":{"start":{"line":21,"column":13},"end":{"line":21,"column":47}},"3":{"start":{"line":23,"column":0},"end":{"line":23,"column":22}}},"fnMap":{},"branchMap":{},"s":{"0":2,"1":2,"2":2,"3":2},"f":{},"b":{},"_coverageSchema":"43e27e138ebf9cfc5966b082cf9a028302ed4184","hash":"e07ff416e45c0b66d7ecd41b29c3b30994895525"}
,"/home/lom/Documents/nodejspr/nodejs-start-project/task-manager/src/models/user.js": {"path":"/home/lom/Documents/nodejspr/nodejs-start-project/task-manager/src/models/user.js","statementMap":{"0":{"start":{"line":1,"column":17},"end":{"line":1,"column":36}},"1":{"start":{"line":2,"column":18},"end":{"line":2,"column":38}},"2":{"start":{"line":3,"column":15},"end":{"line":3,"column":34}},"3":{"start":{"line":4,"column":12},"end":{"line":4,"column":35}},"4":{"start":{"line":5,"column":13},"end":{"line":5,"column":30}},"5":{"start":{"line":7,"column":19},"end":{"line":56,"column":2}},"6":{"start":{"line":20,"column":6},"end":{"line":22,"column":7}},"7":{"start":{"line":21,"column":8},"end":{"line":21,"column":39}},"8":{"start":{"line":29,"column":6},"end":{"line":31,"column":7}},"9":{"start":{"line":30,"column":8},"end":{"line":30,"column":53}},"10":{"start":{"line":40,"column":6},"end":{"line":42,"column":7}},"11":{"start":{"line":41,"column":8},"end":{"line":41,"column":59}},"12":{"start":{"line":59,"column":0},"end":{"line":63,"column":2}},"13":{"start":{"line":66,"column":0},"end":{"line":73,"column":2}},"14":{"start":{"line":67,"column":15},"end":{"line":67,"column":19}},"15":{"start":{"line":68,"column":21},"end":{"line":68,"column":36}},"16":{"start":{"line":69,"column":2},"end":{"line":69,"column":29}},"17":{"start":{"line":70,"column":2},"end":{"line":70,"column":27}},"18":{"start":{"line":71,"column":2},"end":{"line":71,"column":27}},"19":{"start":{"line":72,"column":2},"end":{"line":72,"column":20}},"20":{"start":{"line":75,"column":0},"end":{"line":83,"column":1}},"21":{"start":{"line":76,"column":15},"end":{"line":76,"column":19}},"22":{"start":{"line":77,"column":16},"end":{"line":77,"column":65}},"23":{"start":{"line":79,"column":2},"end":{"line":79,"column":46}},"24":{"start":{"line":80,"column":2},"end":{"line":80,"column":20}},"25":{"start":{"line":82,"column":2},"end":{"line":82,"column":15}},"26":{"start":{"line":86,"column":0},"end":{"line":96,"column":2}},"27":{"start":{"line":87,"column":15},"end":{"line":87,"column":44}},"28":{"start":{"line":88,"column":2},"end":{"line":90,"column":3}},"29":{"start":{"line":89,"column":4},"end":{"line":89,"column":39}},"30":{"start":{"line":91,"column":18},"end":{"line":91,"column":63}},"31":{"start":{"line":92,"column":2},"end":{"line":94,"column":3}},"32":{"start":{"line":93,"column":4},"end":{"line":93,"column":39}},"33":{"start":{"line":95,"column":2},"end":{"line":95,"column":14}},"34":{"start":{"line":99,"column":0},"end":{"line":105,"column":3}},"35":{"start":{"line":100,"column":15},"end":{"line":100,"column":19}},"36":{"start":{"line":101,"column":2},"end":{"line":103,"column":3}},"37":{"start":{"line":102,"column":4},"end":{"line":102,"column":56}},"38":{"start":{"line":104,"column":2},"end":{"line":104,"column":9}},"39":{"start":{"line":108,"column":0},"end":{"line":114,"column":2}},"40":{"start":{"line":109,"column":15},"end":{"line":109,"column":19}},"41":{"start":{"line":110,"column":15},"end":{"line":110,"column":52}},"42":{"start":{"line":112,"column":2},"end":{"line":112,"column":45}},"43":{"start":{"line":113,"column":2},"end":{"line":113,"column":9}},"44":{"start":{"line":116,"column":13},"end":{"line":116,"column":47}},"45":{"start":{"line":118,"column":0},"end":{"line":118,"column":22}}},"fnMap":{"0":{"name":"(anonymous_0)","decl":{"start":{"line":19,"column":4},"end":{"line":19,"column":5}},"loc":{"start":{"line":19,"column":20},"end":{"line":23,"column":5}},"line":19},"1":{"name":"(anonymous_1)","decl":{"start":{"line":28,"column":4},"end":{"line":28,"column":5}},"loc":{"start":{"line":28,"column":20},"end":{"line":32,"column":5}},"line":28},"2":{"name":"(anonymous_2)","decl":{"start":{"line":39,"column":4},"end":{"line":39,"column":5}},"loc":{"start":{"line":39,"column":20},"end":{"line":43,"column":5}},"line":39},"3":{"name":"(anonymous_3)","decl":{"start":{"line":66,"column":28},"end":{"line":66,"column":29}},"loc":{"start":{"line":66,"column":40},"end":{"line":73,"column":1}},"line":66},"4":{"name":"(anonymous_4)","decl":{"start":{"line":75,"column":39},"end":{"line":75,"column":40}},"loc":{"start":{"line":75,"column":56},"end":{"line":83,"column":1}},"line":75},"5":{"name":"(anonymous_5)","decl":{"start":{"line":86,"column":39},"end":{"line":86,"column":40}},"loc":{"start":{"line":86,"column":66},"end":{"line":96,"column":1}},"line":86},"6":{"name":"(anonymous_6)","decl":{"start":{"line":99,"column":23},"end":{"line":99,"column":24}},"loc":{"start":{"line":99,"column":44},"end":{"line":105,"column":1}},"line":99},"7":{"name":"(anonymous_7)","decl":{"start":{"line":108,"column":25},"end":{"line":108,"column":26}},"loc":{"start":{"line":108,"column":46},"end":{"line":114,"column":1}},"line":108}},"branchMap":{"0":{"loc":{"start":{"line":20,"column":6},"end":{"line":22,"column":7}},"type":"if","locations":[{"start":{"line":20,"column":6},"end":{"line":22,"column":7}},{"start":{"line":20,"column":6},"end":{"line":22,"column":7}}],"line":20},"1":{"loc":{"start":{"line":29,"column":6},"end":{"line":31,"column":7}},"type":"if","locations":[{"start":{"line":29,"column":6},"end":{"line":31,"column":7}},{"start":{"line":29,"column":6},"end":{"line":31,"column":7}}],"line":29},"2":{"loc":{"start":{"line":40,"column":6},"end":{"line":42,"column":7}},"type":"if","locations":[{"start":{"line":40,"column":6},"end":{"line":42,"column":7}},{"start":{"line":40,"column":6},"end":{"line":42,"column":7}}],"line":40},"3":{"loc":{"start":{"line":88,"column":2},"end":{"line":90,"column":3}},"type":"if","locations":[{"start":{"line":88,"column":2},"end":{"line":90,"column":3}},{"start":{"line":88,"column":2},"end":{"line":90,"column":3}}],"line":88},"4":{"loc":{"start":{"line":92,"column":2},"end":{"line":94,"column":3}},"type":"if","locations":[{"start":{"line":92,"column":2},"end":{"line":94,"column":3}},{"start":{"line":92,"column":2},"end":{"line":94,"column":3}}],"line":92},"5":{"loc":{"start":{"line":101,"column":2},"end":{"line":103,"column":3}},"type":"if","locations":[{"start":{"line":101,"column":2},"end":{"line":103,"column":3}},{"start":{"line":101,"column":2},"end":{"line":103,"column":3}}],"line":101}},"s":{"0":2,"1":2,"2":2,"3":2,"4":2,"5":2,"6":31,"7":0,"8":30,"9":0,"10":31,"11":0,"12":2,"13":2,"14":5,"15":5,"16":5,"17":5,"18":5,"19":5,"20":2,"21":2,"22":2,"23":2,"24":2,"25":2,"26":2,"27":2,"28":2,"29":1,"30":1,"31":1,"32":0,"33":1,"34":2,"35":31,"36":31,"37":27,"38":31,"39":2,"40":1,"41":1,"42":1,"43":1,"44":2,"45":2},"f":{"0":31,"1":30,"2":31,"3":5,"4":2,"5":2,"6":31,"7":1},"b":{"0":[0,31],"1":[0,30],"2":[0,31],"3":[1,1],"4":[0,1],"5":[27,4]},"_coverageSchema":"43e27e138ebf9cfc5966b082cf9a028302ed4184","hash":"8acca0f165deb2294909b4059be4025c5c5cfeaf"}
,"/home/lom/Documents/nodejspr/nodejs-start-project/task-manager/src/routers/task.js": {"path":"/home/lom/Documents/nodejspr/nodejs-start-project/task-manager/src/routers/task.js","statementMap":{"0":{"start":{"line":1,"column":16},"end":{"line":1,"column":34}},"1":{"start":{"line":2,"column":15},"end":{"line":2,"column":35}},"2":{"start":{"line":3,"column":13},"end":{"line":3,"column":45}},"3":{"start":{"line":4,"column":13},"end":{"line":4,"column":41}},"4":{"start":{"line":10,"column":2},"end":{"line":36,"column":5}},"5":{"start":{"line":11,"column":18},"end":{"line":11,"column":20}},"6":{"start":{"line":12,"column":17},"end":{"line":12,"column":19}},"7":{"start":{"line":13,"column":4},"end":{"line":15,"column":5}},"8":{"start":{"line":14,"column":6},"end":{"line":14,"column":55}},"9":{"start":{"line":16,"column":4},"end":{"line":19,"column":5}},"10":{"start":{"line":17,"column":20},"end":{"line":17,"column":47}},"11":{"start":{"line":18,"column":6},"end":{"line":18,"column":52}},"12":{"start":{"line":20,"column":4},"end":{"line":35,"column":5}},"13":{"start":{"line":22,"column":6},"end":{"line":30,"column":24}},"14":{"start":{"line":31,"column":6},"end":{"line":31,"column":31}},"15":{"start":{"line":34,"column":6},"end":{"line":34,"column":30}},"16":{"start":{"line":39,"column":2},"end":{"line":54,"column":5}},"17":{"start":{"line":40,"column":4},"end":{"line":53,"column":5}},"18":{"start":{"line":42,"column":19},"end":{"line":42,"column":82}},"19":{"start":{"line":43,"column":6},"end":{"line":45,"column":7}},"20":{"start":{"line":44,"column":8},"end":{"line":44,"column":55}},"21":{"start":{"line":46,"column":6},"end":{"line":46,"column":21}},"22":{"start":{"line":48,"column":6},"end":{"line":50,"column":7}},"23":{"start":{"line":49,"column":8},"end":{"line":49,"column":80}},"24":{"start":{"line":51,"column":6},"end":{"line":51,"column":46}},"25":{"start":{"line":52,"column":6},"end":{"line":52,"column":46}},"26":{"start":{"line":57,"column":2},"end":{"line":68,"column":5}},"27":{"start":{"line":58,"column":17},"end":{"line":61,"column":6}},"28":{"start":{"line":62,"column":4},"end":{"line":67,"column":5}},"29":{"start":{"line":63,"column":6},"end":{"line":63,"column":24}},"30":{"start":{"line":64,"column":6},"end":{"line":64,"column":33}},"31":{"start":{"line":66,"column":6},"end":{"line":66,"column":30}},"32":{"start":{"line":71,"column":2},"end":{"line":96,"column":7}},"33":{"start":{"line":72,"column":22},"end":{"line":72,"column":43}},"34":{"start":{"line":73,"column":29},"end":{"line":73,"column":59}},"35":{"start":{"line":74,"column":31},"end":{"line":74,"column":89}},"36":{"start":{"line":74,"column":57},"end":{"line":74,"column":88}},"37":{"start":{"line":75,"column":8},"end":{"line":77,"column":9}},"38":{"start":{"line":76,"column":10},"end":{"line":76,"column":67}},"39":{"start":{"line":78,"column":8},"end":{"line":95,"column":9}},"40":{"start":{"line":79,"column":23},"end":{"line":79,"column":86}},"41":{"start":{"line":81,"column":8},"end":{"line":83,"column":9}},"42":{"start":{"line":82,"column":10},"end":{"line":82,"column":57}},"43":{"start":{"line":84,"column":8},"end":{"line":84,"column":69}},"44":{"start":{"line":84,"column":36},"end":{"line":84,"column":67}},"45":{"start":{"line":85,"column":8},"end":{"line":85,"column":26}},"46":{"start":{"line":88,"column":8},"end":{"line":88,"column":23}},"47":{"start":{"line":90,"column":10},"end":{"line":92,"column":11}},"48":{"start":{"line":91,"column":12},"end":{"line":91,"column":84}},"49":{"start":{"line":93,"column":10},"end":{"line":93,"column":50}},"50":{"start":{"line":94,"column":10},"end":{"line":94,"column":33}},"51":{"start":{"line":99,"column":2},"end":{"line":113,"column":7}},"52":{"start":{"line":100,"column":6},"end":{"line":112,"column":7}},"53":{"start":{"line":101,"column":21},"end":{"line":101,"column":93}},"54":{"start":{"line":102,"column":8},"end":{"line":104,"column":9}},"55":{"start":{"line":103,"column":10},"end":{"line":103,"column":57}},"56":{"start":{"line":105,"column":8},"end":{"line":105,"column":44}},"57":{"start":{"line":107,"column":8},"end":{"line":109,"column":9}},"58":{"start":{"line":108,"column":10},"end":{"line":108,"column":82}},"59":{"start":{"line":110,"column":8},"end":{"line":110,"column":48}},"60":{"start":{"line":111,"column":8},"end":{"line":111,"column":31}},"61":{"start":{"line":115,"column":0},"end":{"line":115,"column":24}}},"fnMap":{"0":{"name":"(anonymous_0)","decl":{"start":{"line":10,"column":29},"end":{"line":10,"column":30}},"loc":{"start":{"line":10,"column":49},"end":{"line":36,"column":3}},"line":10},"1":{"name":"(anonymous_1)","decl":{"start":{"line":39,"column":33},"end":{"line":39,"column":34}},"loc":{"start":{"line":39,"column":53},"end":{"line":54,"column":3}},"line":39},"2":{"name":"(anonymous_2)","decl":{"start":{"line":57,"column":30},"end":{"line":57,"column":31}},"loc":{"start":{"line":57,"column":50},"end":{"line":68,"column":3}},"line":57},"3":{"name":"(anonymous_3)","decl":{"start":{"line":71,"column":35},"end":{"line":71,"column":36}},"loc":{"start":{"line":71,"column":55},"end":{"line":96,"column":5}},"line":71},"4":{"name":"(anonymous_4)","decl":{"start":{"line":74,"column":45},"end":{"line":74,"column":46}},"loc":{"start":{"line":74,"column":57},"end":{"line":74,"column":88}},"line":74},"5":{"name":"(anonymous_5)","decl":{"start":{"line":84,"column":24},"end":{"line":84,"column":25}},"loc":{"start":{"line":84,"column":36},"end":{"line":84,"column":67}},"line":84},"6":{"name":"(anonymous_6)","decl":{"start":{"line":99,"column":36},"end":{"line":99,"column":37}},"loc":{"start":{"line":99,"column":56},"end":{"line":113,"column":5}},"line":99}},"branchMap":{"0":{"loc":{"start":{"line":13,"column":4},"end":{"line":15,"column":5}},"type":"if","locations":[{"start":{"line":13,"column":4},"end":{"line":15,"column":5}},{"start":{"line":13,"column":4},"end":{"line":15,"column":5}}],"line":13},"1":{"loc":{"start":{"line":16,"column":4},"end":{"line":19,"column":5}},"type":"if","locations":[{"start":{"line":16,"column":4},"end":{"line":19,"column":5}},{"start":{"line":16,"column":4},"end":{"line":19,"column":5}}],"line":16},"2":{"loc":{"start":{"line":18,"column":23},"end":{"line":18,"column":51}},"type":"cond-expr","locations":[{"start":{"line":18,"column":45},"end":{"line":18,"column":47}},{"start":{"line":18,"column":50},"end":{"line":18,"column":51}}],"line":18},"3":{"loc":{"start":{"line":43,"column":6},"end":{"line":45,"column":7}},"type":"if","locations":[{"start":{"line":43,"column":6},"end":{"line":45,"column":7}},{"start":{"line":43,"column":6},"end":{"line":45,"column":7}}],"line":43},"4":{"loc":{"start":{"line":48,"column":6},"end":{"line":50,"column":7}},"type":"if","locations":[{"start":{"line":48,"column":6},"end":{"line":50,"column":7}},{"start":{"line":48,"column":6},"end":{"line":50,"column":7}}],"line":48},"5":{"loc":{"start":{"line":75,"column":8},"end":{"line":77,"column":9}},"type":"if","locations":[{"start":{"line":75,"column":8},"end":{"line":77,"column":9}},{"start":{"line":75,"column":8},"end":{"line":77,"column":9}}],"line":75},"6":{"loc":{"start":{"line":81,"column":8},"end":{"line":83,"column":9}},"type":"if","locations":[{"start":{"line":81,"column":8},"end":{"line":83,"column":9}},{"start":{"line":81,"column":8},"end":{"line":83,"column":9}}],"line":81},"7":{"loc":{"start":{"line":90,"column":10},"end":{"line":92,"column":11}},"type":"if","locations":[{"start":{"line":90,"column":10},"end":{"line":92,"column":11}},{"start":{"line":90,"column":10},"end":{"line":92,"column":11}}],"line":90},"8":{"loc":{"start":{"line":102,"column":8},"end":{"line":104,"column":9}},"type":"if","locations":[{"start":{"line":102,"column":8},"end":{"line":104,"column":9}},{"start":{"line":102,"column":8},"end":{"line":104,"column":9}}],"line":102},"9":{"loc":{"start":{"line":107,"column":8},"end":{"line":109,"column":9}},"type":"if","locations":[{"start":{"line":107,"column":8},"end":{"line":109,"column":9}},{"start":{"line":107,"column":8},"end":{"line":109,"column":9}}],"line":107}},"s":{"0":2,"1":2,"2":2,"3":2,"4":2,"5":1,"6":1,"7":1,"8":0,"9":1,"10":0,"11":0,"12":1,"13":1,"14":1,"15":0,"16":2,"17":0,"18":0,"19":0,"20":0,"21":0,"22":0,"23":0,"24":0,"25":0,"26":2,"27":1,"28":1,"29":1,"30":1,"31":0,"32":2,"33":0,"34":0,"35":0,"36":0,"37":0,"38":0,"39":0,"40":0,"41":0,"42":0,"43":0,"44":0,"45":0,"46":0,"47":0,"48":0,"49":0,"50":0,"51":2,"52":1,"53":1,"54":1,"55":1,"56":0,"57":0,"58":0,"59":0,"60":0,"61":2},"f":{"0":1,"1":0,"2":1,"3":0,"4":0,"5":0,"6":1},"b":{"0":[0,1],"1":[0,1],"2":[0,0],"3":[0,0],"4":[0,0],"5":[0,0],"6":[0,0],"7":[0,0],"8":[1,0],"9":[0,0]},"_coverageSchema":"43e27e138ebf9cfc5966b082cf9a028302ed4184","hash":"ce933037b46ad5c57ddd523437fe20ec7b7e2064"}
,"/home/lom/Documents/nodejspr/nodejs-start-project/task-manager/src/routers/user.js": {"path":"/home/lom/Documents/nodejspr/nodejs-start-project/task-manager/src/routers/user.js","statementMap":{"0":{"start":{"line":1,"column":16},"end":{"line":1,"column":34}},"1":{"start":{"line":2,"column":15},"end":{"line":2,"column":32}},"2":{"start":{"line":3,"column":14},"end":{"line":3,"column":30}},"3":{"start":{"line":4,"column":47},"end":{"line":4,"column":78}},"4":{"start":{"line":5,"column":13},"end":{"line":5,"column":45}},"5":{"start":{"line":6,"column":15},"end":{"line":6,"column":35}},"6":{"start":{"line":7,"column":13},"end":{"line":7,"column":41}},"7":{"start":{"line":9,"column":0},"end":{"line":16,"column":3}},"8":{"start":{"line":10,"column":2},"end":{"line":15,"column":3}},"9":{"start":{"line":11,"column":19},"end":{"line":11,"column":36}},"10":{"start":{"line":12,"column":4},"end":{"line":12,"column":21}},"11":{"start":{"line":14,"column":4},"end":{"line":14,"column":28}},"12":{"start":{"line":19,"column":0},"end":{"line":25,"column":3}},"13":{"start":{"line":20,"column":2},"end":{"line":24,"column":3}},"14":{"start":{"line":21,"column":4},"end":{"line":21,"column":23}},"15":{"start":{"line":23,"column":4},"end":{"line":23,"column":28}},"16":{"start":{"line":28,"column":0},"end":{"line":39,"column":3}},"17":{"start":{"line":29,"column":2},"end":{"line":38,"column":3}},"18":{"start":{"line":30,"column":17},"end":{"line":30,"column":80}},"19":{"start":{"line":31,"column":18},"end":{"line":31,"column":48}},"20":{"start":{"line":35,"column":4},"end":{"line":35,"column":30}},"21":{"start":{"line":37,"column":4},"end":{"line":37,"column":28}},"22":{"start":{"line":42,"column":0},"end":{"line":52,"column":3}},"23":{"start":{"line":43,"column":2},"end":{"line":51,"column":3}},"24":{"start":{"line":44,"column":4},"end":{"line":46,"column":7}},"25":{"start":{"line":45,"column":6},"end":{"line":45,"column":39}},"26":{"start":{"line":47,"column":4},"end":{"line":47,"column":26}},"27":{"start":{"line":48,"column":4},"end":{"line":48,"column":23}},"28":{"start":{"line":50,"column":4},"end":{"line":50,"column":27}},"29":{"start":{"line":55,"column":0},"end":{"line":63,"column":3}},"30":{"start":{"line":56,"column":2},"end":{"line":62,"column":3}},"31":{"start":{"line":57,"column":4},"end":{"line":57,"column":25}},"32":{"start":{"line":58,"column":4},"end":{"line":58,"column":26}},"33":{"start":{"line":59,"column":4},"end":{"line":59,"column":34}},"34":{"start":{"line":61,"column":4},"end":{"line":61,"column":27}},"35":{"start":{"line":84,"column":0},"end":{"line":107,"column":3}},"36":{"start":{"line":85,"column":18},"end":{"line":85,"column":39}},"37":{"start":{"line":86,"column":25},"end":{"line":86,"column":61}},"38":{"start":{"line":87,"column":27},"end":{"line":87,"column":85}},"39":{"start":{"line":87,"column":53},"end":{"line":87,"column":84}},"40":{"start":{"line":88,"column":2},"end":{"line":90,"column":3}},"41":{"start":{"line":89,"column":4},"end":{"line":89,"column":63}},"42":{"start":{"line":91,"column":2},"end":{"line":106,"column":3}},"43":{"start":{"line":96,"column":4},"end":{"line":96,"column":69}},"44":{"start":{"line":96,"column":32},"end":{"line":96,"column":67}},"45":{"start":{"line":97,"column":4},"end":{"line":97,"column":26}},"46":{"start":{"line":99,"column":4},"end":{"line":99,"column":23}},"47":{"start":{"line":101,"column":4},"end":{"line":103,"column":5}},"48":{"start":{"line":102,"column":6},"end":{"line":102,"column":78}},"49":{"start":{"line":104,"column":4},"end":{"line":104,"column":44}},"50":{"start":{"line":105,"column":4},"end":{"line":105,"column":27}},"51":{"start":{"line":110,"column":0},"end":{"line":120,"column":3}},"52":{"start":{"line":111,"column":15},"end":{"line":111,"column":33}},"53":{"start":{"line":112,"column":2},"end":{"line":119,"column":3}},"54":{"start":{"line":113,"column":4},"end":{"line":113,"column":22}},"55":{"start":{"line":114,"column":4},"end":{"line":114,"column":44}},"56":{"start":{"line":115,"column":18},"end":{"line":115,"column":48}},"57":{"start":{"line":116,"column":4},"end":{"line":116,"column":42}},"58":{"start":{"line":118,"column":4},"end":{"line":118,"column":28}},"59":{"start":{"line":123,"column":0},"end":{"line":139,"column":3}},"60":{"start":{"line":124,"column":2},"end":{"line":138,"column":3}},"61":{"start":{"line":129,"column":4},"end":{"line":129,"column":28}},"62":{"start":{"line":130,"column":4},"end":{"line":130,"column":52}},"63":{"start":{"line":131,"column":4},"end":{"line":131,"column":42}},"64":{"start":{"line":133,"column":4},"end":{"line":135,"column":5}},"65":{"start":{"line":134,"column":6},"end":{"line":134,"column":78}},"66":{"start":{"line":136,"column":4},"end":{"line":136,"column":44}},"67":{"start":{"line":137,"column":4},"end":{"line":137,"column":27}},"68":{"start":{"line":142,"column":15},"end":{"line":152,"column":2}},"69":{"start":{"line":147,"column":4},"end":{"line":149,"column":5}},"70":{"start":{"line":148,"column":6},"end":{"line":148,"column":49}},"71":{"start":{"line":150,"column":4},"end":{"line":150,"column":19}},"72":{"start":{"line":153,"column":0},"end":{"line":161,"column":3}},"73":{"start":{"line":155,"column":17},"end":{"line":155,"column":98}},"74":{"start":{"line":156,"column":2},"end":{"line":156,"column":27}},"75":{"start":{"line":157,"column":2},"end":{"line":157,"column":24}},"76":{"start":{"line":158,"column":2},"end":{"line":158,"column":21}},"77":{"start":{"line":160,"column":2},"end":{"line":160,"column":49}},"78":{"start":{"line":164,"column":0},"end":{"line":173,"column":3}},"79":{"start":{"line":165,"column":2},"end":{"line":172,"column":3}},"80":{"start":{"line":167,"column":4},"end":{"line":167,"column":27}},"81":{"start":{"line":168,"column":4},"end":{"line":168,"column":25}},"82":{"start":{"line":169,"column":4},"end":{"line":169,"column":15}},"83":{"start":{"line":171,"column":4},"end":{"line":171,"column":27}},"84":{"start":{"line":176,"column":0},"end":{"line":188,"column":2}},"85":{"start":{"line":177,"column":2},"end":{"line":187,"column":3}},"86":{"start":{"line":178,"column":17},"end":{"line":178,"column":51}},"87":{"start":{"line":180,"column":4},"end":{"line":182,"column":5}},"88":{"start":{"line":181,"column":6},"end":{"line":181,"column":42}},"89":{"start":{"line":183,"column":4},"end":{"line":183,"column":41}},"90":{"start":{"line":184,"column":4},"end":{"line":184,"column":26}},"91":{"start":{"line":186,"column":4},"end":{"line":186,"column":27}},"92":{"start":{"line":190,"column":0},"end":{"line":190,"column":24}}},"fnMap":{"0":{"name":"(anonymous_0)","decl":{"start":{"line":9,"column":27},"end":{"line":9,"column":28}},"loc":{"start":{"line":9,"column":47},"end":{"line":16,"column":1}},"line":9},"1":{"name":"(anonymous_1)","decl":{"start":{"line":19,"column":30},"end":{"line":19,"column":31}},"loc":{"start":{"line":19,"column":50},"end":{"line":25,"column":1}},"line":19},"2":{"name":"(anonymous_2)","decl":{"start":{"line":28,"column":28},"end":{"line":28,"column":29}},"loc":{"start":{"line":28,"column":48},"end":{"line":39,"column":1}},"line":28},"3":{"name":"(anonymous_3)","decl":{"start":{"line":42,"column":35},"end":{"line":42,"column":36}},"loc":{"start":{"line":42,"column":55},"end":{"line":52,"column":1}},"line":42},"4":{"name":"(anonymous_4)","decl":{"start":{"line":44,"column":45},"end":{"line":44,"column":46}},"loc":{"start":{"line":44,"column":56},"end":{"line":46,"column":5}},"line":44},"5":{"name":"(anonymous_5)","decl":{"start":{"line":55,"column":38},"end":{"line":55,"column":39}},"loc":{"start":{"line":55,"column":58},"end":{"line":63,"column":1}},"line":55},"6":{"name":"(anonymous_6)","decl":{"start":{"line":84,"column":32},"end":{"line":84,"column":33}},"loc":{"start":{"line":84,"column":52},"end":{"line":107,"column":1}},"line":84},"7":{"name":"(anonymous_7)","decl":{"start":{"line":87,"column":41},"end":{"line":87,"column":42}},"loc":{"start":{"line":87,"column":53},"end":{"line":87,"column":84}},"line":87},"8":{"name":"(anonymous_8)","decl":{"start":{"line":96,"column":20},"end":{"line":96,"column":21}},"loc":{"start":{"line":96,"column":32},"end":{"line":96,"column":67}},"line":96},"9":{"name":"(anonymous_9)","decl":{"start":{"line":110,"column":22},"end":{"line":110,"column":23}},"loc":{"start":{"line":110,"column":42},"end":{"line":120,"column":1}},"line":110},"10":{"name":"(anonymous_10)","decl":{"start":{"line":123,"column":33},"end":{"line":123,"column":34}},"loc":{"start":{"line":123,"column":53},"end":{"line":139,"column":1}},"line":123},"11":{"name":"(anonymous_11)","decl":{"start":{"line":146,"column":2},"end":{"line":146,"column":3}},"loc":{"start":{"line":146,"column":28},"end":{"line":151,"column":3}},"line":146},"12":{"name":"(anonymous_12)","decl":{"start":{"line":153,"column":63},"end":{"line":153,"column":64}},"loc":{"start":{"line":153,"column":83},"end":{"line":159,"column":1}},"line":153},"13":{"name":"(anonymous_13)","decl":{"start":{"line":159,"column":3},"end":{"line":159,"column":4}},"loc":{"start":{"line":159,"column":30},"end":{"line":161,"column":1}},"line":159},"14":{"name":"(anonymous_14)","decl":{"start":{"line":164,"column":40},"end":{"line":164,"column":41}},"loc":{"start":{"line":164,"column":60},"end":{"line":173,"column":1}},"line":164},"15":{"name":"(anonymous_15)","decl":{"start":{"line":176,"column":32},"end":{"line":176,"column":33}},"loc":{"start":{"line":176,"column":52},"end":{"line":188,"column":1}},"line":176}},"branchMap":{"0":{"loc":{"start":{"line":88,"column":2},"end":{"line":90,"column":3}},"type":"if","locations":[{"start":{"line":88,"column":2},"end":{"line":90,"column":3}},{"start":{"line":88,"column":2},"end":{"line":90,"column":3}}],"line":88},"1":{"loc":{"start":{"line":101,"column":4},"end":{"line":103,"column":5}},"type":"if","locations":[{"start":{"line":101,"column":4},"end":{"line":103,"column":5}},{"start":{"line":101,"column":4},"end":{"line":103,"column":5}}],"line":101},"2":{"loc":{"start":{"line":133,"column":4},"end":{"line":135,"column":5}},"type":"if","locations":[{"start":{"line":133,"column":4},"end":{"line":135,"column":5}},{"start":{"line":133,"column":4},"end":{"line":135,"column":5}}],"line":133},"3":{"loc":{"start":{"line":147,"column":4},"end":{"line":149,"column":5}},"type":"if","locations":[{"start":{"line":147,"column":4},"end":{"line":149,"column":5}},{"start":{"line":147,"column":4},"end":{"line":149,"column":5}}],"line":147},"4":{"loc":{"start":{"line":180,"column":4},"end":{"line":182,"column":5}},"type":"if","locations":[{"start":{"line":180,"column":4},"end":{"line":182,"column":5}},{"start":{"line":180,"column":4},"end":{"line":182,"column":5}}],"line":180},"5":{"loc":{"start":{"line":180,"column":8},"end":{"line":180,"column":29}},"type":"binary-expr","locations":[{"start":{"line":180,"column":8},"end":{"line":180,"column":13}},{"start":{"line":180,"column":17},"end":{"line":180,"column":29}}],"line":180}},"s":{"0":2,"1":2,"2":2,"3":2,"4":2,"5":2,"6":2,"7":2,"8":0,"9":0,"10":0,"11":0,"12":2,"13":1,"14":1,"15":0,"16":2,"17":2,"18":2,"19":1,"20":1,"21":1,"22":2,"23":0,"24":0,"25":0,"26":0,"27":0,"28":0,"29":2,"30":0,"31":0,"32":0,"33":0,"34":0,"35":2,"36":2,"37":2,"38":2,"39":3,"40":2,"41":1,"42":1,"43":1,"44":2,"45":1,"46":1,"47":0,"48":0,"49":0,"50":0,"51":2,"52":1,"53":1,"54":1,"55":1,"56":1,"57":1,"58":0,"59":2,"60":1,"61":1,"62":1,"63":1,"64":0,"65":0,"66":0,"67":0,"68":2,"69":1,"70":0,"71":1,"72":2,"73":1,"74":1,"75":1,"76":1,"77":0,"78":2,"79":0,"80":0,"81":0,"82":0,"83":0,"84":2,"85":0,"86":0,"87":0,"88":0,"89":0,"90":0,"91":0,"92":2},"f":{"0":0,"1":1,"2":2,"3":0,"4":0,"5":0,"6":2,"7":3,"8":2,"9":1,"10":1,"11":1,"12":1,"13":0,"14":0,"15":0},"b":{"0":[1,1],"1":[0,0],"2":[0,0],"3":[0,1],"4":[0,0],"5":[0,0]},"_coverageSchema":"43e27e138ebf9cfc5966b082cf9a028302ed4184","hash":"c7f6ea82cc217d0a833676c99e7228ffbe104c18"}
,"/home/lom/Documents/nodejspr/nodejs-start-project/task-manager/tests/fixtures/db.js": {"path":"/home/lom/Documents/nodejspr/nodejs-start-project/task-manager/tests/fixtures/db.js","statementMap":{"0":{"start":{"line":1,"column":12},"end":{"line":1,"column":35}},"1":{"start":{"line":2,"column":17},"end":{"line":2,"column":36}},"2":{"start":{"line":3,"column":13},"end":{"line":3,"column":48}},"3":{"start":{"line":4,"column":13},"end":{"line":4,"column":48}},"4":{"start":{"line":6,"column":18},"end":{"line":6,"column":47}},"5":{"start":{"line":8,"column":16},"end":{"line":16,"column":1}},"6":{"start":{"line":18,"column":18},"end":{"line":18,"column":47}},"7":{"start":{"line":19,"column":16},"end":{"line":27,"column":1}},"8":{"start":{"line":29,"column":16},"end":{"line":34,"column":1}},"9":{"start":{"line":36,"column":16},"end":{"line":41,"column":1}},"10":{"start":{"line":43,"column":18},"end":{"line":48,"column":1}},"11":{"start":{"line":50,"column":22},"end":{"line":58,"column":1}},"12":{"start":{"line":51,"column":4},"end":{"line":51,"column":28}},"13":{"start":{"line":52,"column":4},"end":{"line":52,"column":28}},"14":{"start":{"line":53,"column":4},"end":{"line":53,"column":35}},"15":{"start":{"line":54,"column":4},"end":{"line":54,"column":35}},"16":{"start":{"line":55,"column":4},"end":{"line":55,"column":35}},"17":{"start":{"line":56,"column":4},"end":{"line":56,"column":35}},"18":{"start":{"line":57,"column":4},"end":{"line":57,"column":37}},"19":{"start":{"line":60,"column":0},"end":{"line":66,"column":2}}},"fnMap":{"0":{"name":"(anonymous_0)","decl":{"start":{"line":50,"column":22},"end":{"line":50,"column":23}},"loc":{"start":{"line":50,"column":34},"end":{"line":58,"column":1}},"line":50}},"branchMap":{},"s":{"0":2,"1":2,"2":2,"3":2,"4":2,"5":2,"6":2,"7":2,"8":2,"9":2,"10":2,"11":2,"12":13,"13":13,"14":13,"15":13,"16":13,"17":13,"18":13,"19":2},"f":{"0":13},"b":{},"_coverageSchema":"43e27e138ebf9cfc5966b082cf9a028302ed4184","hash":"44d3eb8a420f09d09efd63a39d037879f88b1af2"}
}
