TN:
SF:/home/lom/Documents/nodejspr/nodejs-start-project/task-manager/src/app.js
FNF:0
FNH:0
DA:1,2
DA:2,2
DA:4,2
DA:5,2
DA:6,2
DA:11,2
DA:13,2
DA:15,2
DA:17,2
LF:9
LH:9
BRF:0
BRH:0
end_of_record
TN:
SF:/home/lom/Documents/nodejspr/nodejs-start-project/task-manager/src/db/mongoose.js
FNF:0
FNH:0
DA:1,2
DA:2,2
DA:5,2
LF:3
LH:3
BRF:0
BRH:0
end_of_record
TN:
SF:/home/lom/Documents/nodejspr/nodejs-start-project/task-manager/src/emails/account.js
FN:5,(anonymous_0)
FN:13,(anonymous_1)
FNF:2
FNH:2
FNDA:1,(anonymous_0)
FNDA:1,(anonymous_1)
DA:1,2
DA:3,2
DA:5,2
DA:6,1
DA:13,2
DA:14,1
DA:21,2
LF:7
LH:7
BRF:0
BRH:0
end_of_record
TN:
SF:/home/lom/Documents/nodejspr/nodejs-start-project/task-manager/src/middleware/auth.js
FN:4,(anonymous_0)
FNF:1
FNH:1
FNDA:10,(anonymous_0)
DA:1,2
DA:2,2
DA:4,2
DA:5,10
DA:6,10
DA:7,9
DA:8,8
DA:9,8
DA:10,0
DA:12,8
DA:13,8
DA:14,8
DA:16,2
DA:19,2
LF:14
LH:13
BRDA:9,0,0,0
BRDA:9,0,1,8
BRF:2
BRH:1
end_of_record
TN:
SF:/home/lom/Documents/nodejspr/nodejs-start-project/task-manager/src/models/task.js
FNF:0
FNH:0
DA:1,2
DA:3,2
DA:21,2
DA:23,2
LF:4
LH:4
BRF:0
BRH:0
end_of_record
TN:
SF:/home/lom/Documents/nodejspr/nodejs-start-project/task-manager/src/models/user.js
FN:19,(anonymous_0)
FN:28,(anonymous_1)
FN:39,(anonymous_2)
FN:66,(anonymous_3)
FN:75,(anonymous_4)
FN:86,(anonymous_5)
FN:99,(anonymous_6)
FN:108,(anonymous_7)
FNF:8
FNH:8
FNDA:31,(anonymous_0)
FNDA:30,(anonymous_1)
FNDA:31,(anonymous_2)
FNDA:5,(anonymous_3)
FNDA:2,(anonymous_4)
FNDA:2,(anonymous_5)
FNDA:31,(anonymous_6)
FNDA:1,(anonymous_7)
DA:1,2
DA:2,2
DA:3,2
DA:4,2
DA:5,2
DA:7,2
DA:20,31
DA:21,0
DA:29,30
DA:30,0
DA:40,31
DA:41,0
DA:59,2
DA:66,2
DA:67,5
DA:68,5
DA:69,5
DA:70,5
DA:71,5
DA:72,5
DA:75,2
DA:76,2
DA:77,2
DA:79,2
DA:80,2
DA:82,2
DA:86,2
DA:87,2
DA:88,2
DA:89,1
DA:91,1
DA:92,1
DA:93,0
DA:95,1
DA:99,2
DA:100,31
DA:101,31
DA:102,27
DA:104,31
DA:108,2
DA:109,1
DA:110,1
DA:112,1
DA:113,1
DA:116,2
DA:118,2
LF:46
LH:42
BRDA:20,0,0,0
BRDA:20,0,1,31
BRDA:29,1,0,0
BRDA:29,1,1,30
BRDA:40,2,0,0
BRDA:40,2,1,31
BRDA:88,3,0,1
BRDA:88,3,1,1
BRDA:92,4,0,0
BRDA:92,4,1,1
BRDA:101,5,0,27
BRDA:101,5,1,4
BRF:12
BRH:8
end_of_record
TN:
SF:/home/lom/Documents/nodejspr/nodejs-start-project/task-manager/src/routers/task.js
FN:10,(anonymous_0)
FN:39,(anonymous_1)
FN:57,(anonymous_2)
FN:71,(anonymous_3)
FN:74,(anonymous_4)
FN:84,(anonymous_5)
FN:99,(anonymous_6)
FNF:7
FNH:3
FNDA:1,(anonymous_0)
FNDA:0,(anonymous_1)
FNDA:1,(anonymous_2)
FNDA:0,(anonymous_3)
FNDA:0,(anonymous_4)
FNDA:0,(anonymous_5)
FNDA:1,(anonymous_6)
DA:1,2
DA:2,2
DA:3,2
DA:4,2
DA:10,2
DA:11,1
DA:12,1
DA:13,1
DA:14,0
DA:16,1
DA:17,0
DA:18,0
DA:20,1
DA:22,1
DA:31,1
DA:34,0
DA:39,2
DA:40,0
DA:42,0
DA:43,0
DA:44,0
DA:46,0
DA:48,0
DA:49,0
DA:51,0
DA:52,0
DA:57,2
DA:58,1
DA:62,1
DA:63,1
DA:64,1
DA:66,0
DA:71,2
DA:72,0
DA:73,0
DA:74,0
DA:75,0
DA:76,0
DA:78,0
DA:79,0
DA:81,0
DA:82,0
DA:84,0
DA:85,0
DA:88,0
DA:90,0
DA:91,0
DA:93,0
DA:94,0
DA:99,2
DA:100,1
DA:101,1
DA:102,1
DA:103,1
DA:105,0
DA:107,0
DA:108,0
DA:110,0
DA:111,0
DA:115,2
LF:60
LH:25
BRDA:13,0,0,0
BRDA:13,0,1,1
BRDA:16,1,0,0
BRDA:16,1,1,1
BRDA:18,2,0,0
BRDA:18,2,1,0
BRDA:43,3,0,0
BRDA:43,3,1,0
BRDA:48,4,0,0
BRDA:48,4,1,0
BRDA:75,5,0,0
BRDA:75,5,1,0
BRDA:81,6,0,0
BRDA:81,6,1,0
BRDA:90,7,0,0
BRDA:90,7,1,0
BRDA:102,8,0,1
BRDA:102,8,1,0
BRDA:107,9,0,0
BRDA:107,9,1,0
BRF:20
BRH:3
end_of_record
TN:
SF:/home/lom/Documents/nodejspr/nodejs-start-project/task-manager/src/routers/user.js
FN:9,(anonymous_0)
FN:19,(anonymous_1)
FN:28,(anonymous_2)
FN:42,(anonymous_3)
FN:44,(anonymous_4)
FN:55,(anonymous_5)
FN:84,(anonymous_6)
FN:87,(anonymous_7)
FN:96,(anonymous_8)
FN:110,(anonymous_9)
FN:123,(anonymous_10)
FN:146,(anonymous_11)
FN:153,(anonymous_12)
FN:159,(anonymous_13)
FN:164,(anonymous_14)
FN:176,(anonymous_15)
FNF:16
FNH:9
FNDA:0,(anonymous_0)
FNDA:1,(anonymous_1)
FNDA:2,(anonymous_2)
FNDA:0,(anonymous_3)
FNDA:0,(anonymous_4)
FNDA:0,(anonymous_5)
FNDA:2,(anonymous_6)
FNDA:3,(anonymous_7)
FNDA:2,(anonymous_8)
FNDA:1,(anonymous_9)
FNDA:1,(anonymous_10)
FNDA:1,(anonymous_11)
FNDA:1,(anonymous_12)
FNDA:0,(anonymous_13)
FNDA:0,(anonymous_14)
FNDA:0,(anonymous_15)
DA:1,2
DA:2,2
DA:3,2
DA:4,2
DA:5,2
DA:6,2
DA:7,2
DA:9,2
DA:10,0
DA:11,0
DA:12,0
DA:14,0
DA:19,2
DA:20,1
DA:21,1
DA:23,0
DA:28,2
DA:29,2
DA:30,2
DA:31,1
DA:35,1
DA:37,1
DA:42,2
DA:43,0
DA:44,0
DA:45,0
DA:47,0
DA:48,0
DA:50,0
DA:55,2
DA:56,0
DA:57,0
DA:58,0
DA:59,0
DA:61,0
DA:84,2
DA:85,2
DA:86,2
DA:87,3
DA:88,2
DA:89,1
DA:91,1
DA:96,2
DA:97,1
DA:99,1
DA:101,0
DA:102,0
DA:104,0
DA:105,0
DA:110,2
DA:111,1
DA:112,1
DA:113,1
DA:114,1
DA:115,1
DA:116,1
DA:118,0
DA:123,2
DA:124,1
DA:129,1
DA:130,1
DA:131,1
DA:133,0
DA:134,0
DA:136,0
DA:137,0
DA:142,2
DA:147,1
DA:148,0
DA:150,1
DA:153,2
DA:155,1
DA:156,1
DA:157,1
DA:158,1
DA:160,0
DA:164,2
DA:165,0
DA:167,0
DA:168,0
DA:169,0
DA:171,0
DA:176,2
DA:177,0
DA:178,0
DA:180,0
DA:181,0
DA:183,0
DA:184,0
DA:186,0
DA:190,2
LF:91
LH:52
BRDA:88,0,0,1
BRDA:88,0,1,1
BRDA:101,1,0,0
BRDA:101,1,1,0
BRDA:133,2,0,0
BRDA:133,2,1,0
BRDA:147,3,0,0
BRDA:147,3,1,1
BRDA:180,4,0,0
BRDA:180,4,1,0
BRDA:180,5,0,0
BRDA:180,5,1,0
BRF:12
BRH:3
end_of_record
TN:
SF:/home/lom/Documents/nodejspr/nodejs-start-project/task-manager/tests/fixtures/db.js
FN:50,(anonymous_0)
FNF:1
FNH:1
FNDA:13,(anonymous_0)
DA:1,2
DA:2,2
DA:3,2
DA:4,2
DA:6,2
DA:8,2
DA:18,2
DA:19,2
DA:29,2
DA:36,2
DA:43,2
DA:50,2
DA:51,13
DA:52,13
DA:53,13
DA:54,13
DA:55,13
DA:56,13
DA:57,13
DA:60,2
LF:20
LH:20
BRF:0
BRH:0
end_of_record
